<?xml version="1.0" encoding="UTF-8"?>
<!-- Generated by org.testng.reporters.JUnitReportReporter -->
<testsuite hostname="LP0096" name="pom.script.KSItemCountShort$Test1" tests="1" failures="0" timestamp="19 Sep 2017 08:42:26 GMT" time="4.533" errors="0">
  <testcase name="invokeBrowser" time="4.533" classname="pom.script.KSItemCountShort$Test1"/>
</testsuite> <!-- pom.script.KSItemCountShort$Test1 -->
