<?xml version="1.0" encoding="UTF-8"?>
<!-- Generated by org.testng.reporters.JUnitReportReporter -->
<testsuite hostname="LP0096" name="pom.script.SPOAttachmentopen$Test1" tests="1" failures="0" timestamp="15 Sep 2017 06:57:31 GMT" time="13.368" errors="0">
  <testcase name="invokeBrowser" time="13.368" classname="pom.script.SPOAttachmentopen$Test1"/>
</testsuite> <!-- pom.script.SPOAttachmentopen$Test1 -->
