<?xml version="1.0" encoding="UTF-8"?>
<!-- Generated by org.testng.reporters.JUnitReportReporter -->
<testsuite hostname="LP0096" name="pom.objects.JiveObjects" tests="1" failures="0" timestamp="30 Aug 2017 07:21:45 GMT" time="10.036" errors="0">
  <testcase name="browserOpen" time="10.036" classname="pom.objects.JiveObjects"/>
</testsuite> <!-- pom.objects.JiveObjects -->
