<?xml version="1.0" encoding="UTF-8"?>
<!-- Generated by org.testng.reporters.JUnitReportReporter -->
<testsuite hostname="LP0096" name="pom.script.Simpson$Test1" tests="1" failures="0" timestamp="5 Mar 2018 08:46:29 GMT" time="2.697" errors="0">
  <testcase name="invokeBrowser" time="2.697" classname="pom.script.Simpson$Test1"/>
</testsuite> <!-- pom.script.Simpson$Test1 -->
