<?xml version="1.0" encoding="UTF-8"?>
<!-- Generated by org.testng.reporters.JUnitReportReporter -->
<testsuite hostname="LP0096" name="pom.script.SampleSikuli" tests="1" failures="0" timestamp="1 Dec 2017 06:56:06 GMT" time="48.718" errors="0">
  <testcase name="siteOpen" time="48.718" classname="pom.script.SampleSikuli"/>
</testsuite> <!-- pom.script.SampleSikuli -->
