<?xml version="1.0" encoding="UTF-8"?>
<!-- Generated by org.testng.reporters.JUnitReportReporter -->
<testsuite hostname="LP0096" name="pom.script.Jenkins_Test$Test1" tests="1" failures="0" timestamp="5 Mar 2018 09:41:45 GMT" time="7.426" errors="0">
  <testcase name="invokeBrowser" time="7.426" classname="pom.script.Jenkins_Test$Test1"/>
</testsuite> <!-- pom.script.Jenkins_Test$Test1 -->
