<?xml version="1.0" encoding="UTF-8"?>
<!-- Generated by org.testng.reporters.JUnitReportReporter -->
<testsuite hostname="LP0096" name="pom.objects.YammerLogoCheck$Test1" tests="1" failures="0" timestamp="4 Sep 2017 12:36:02 GMT" time="64.583" errors="0">
  <testcase name="invokeBrowser" time="64.583" classname="pom.objects.YammerLogoCheck$Test1"/>
</testsuite> <!-- pom.objects.YammerLogoCheck$Test1 -->
