<?xml version="1.0" encoding="UTF-8"?>
<!-- Generated by org.testng.reporters.JUnitReportReporter -->
<testsuite hostname="LP0096" name="samplejen.Jenkins_Test" tests="1" failures="0" timestamp="5 Mar 2018 10:23:36 GMT" time="25.644" errors="0">
  <testcase name="jenkinsSample" time="25.644" classname="samplejen.Jenkins_Test"/>
</testsuite> <!-- samplejen.Jenkins_Test -->
