<?xml version="1.0" encoding="UTF-8"?>
<!-- Generated by org.testng.reporters.JUnitReportReporter -->
<testsuite hostname="LP0096" name="pom.script.SampleSikuli$Test1" tests="1" failures="0" timestamp="1 Dec 2017 06:56:06 GMT" time="18.484" errors="0">
  <testcase name="invokeBrowser" time="18.484" classname="pom.script.SampleSikuli$Test1"/>
</testsuite> <!-- pom.script.SampleSikuli$Test1 -->
