<?xml version="1.0" encoding="UTF-8"?>
<!-- Generated by org.testng.reporters.JUnitReportReporter -->
<testsuite hostname="LP0096" name="pom.objects.YammerLogoCheck" tests="1" failures="0" timestamp="4 Sep 2017 12:36:03 GMT" time="2024.266" errors="0">
  <testcase name="siteOpen" time="2024.266" classname="pom.objects.YammerLogoCheck"/>
</testsuite> <!-- pom.objects.YammerLogoCheck -->
