<?xml version="1.0" encoding="UTF-8"?>
<!-- Generated by org.testng.reporters.JUnitReportReporter -->
<testsuite hostname="LP0096" name="pom.script.DiscussionCheck$Test1" tests="1" failures="0" timestamp="15 Sep 2017 07:36:51 GMT" time="8.550" errors="0">
  <testcase name="invokeBrowser" time="8.550" classname="pom.script.DiscussionCheck$Test1"/>
</testsuite> <!-- pom.script.DiscussionCheck$Test1 -->
