<?xml version="1.0" encoding="UTF-8"?>
<!-- Generated by org.testng.reporters.JUnitReportReporter -->
<testsuite hostname="LP0096" name="pom.script.SPOAttachmentopen" tests="1" failures="0" timestamp="15 Sep 2017 06:57:31 GMT" time="81.259" errors="0">
  <testcase name="AttachmentOpen" time="81.259" classname="pom.script.SPOAttachmentopen"/>
</testsuite> <!-- pom.script.SPOAttachmentopen -->
