<?xml version="1.0" encoding="UTF-8"?>
<!-- Generated by org.testng.reporters.JUnitReportReporter -->
<testsuite hostname="LP0096" name="pom.script.SPSiteFeatures" tests="1" failures="0" timestamp="3 Nov 2017 09:07:04 GMT" time="14.047" errors="0">
  <testcase name="siteOpen" time="14.047" classname="pom.script.SPSiteFeatures"/>
</testsuite> <!-- pom.script.SPSiteFeatures -->
