<?xml version="1.0" encoding="UTF-8"?>
<!-- Generated by org.testng.reporters.JUnitReportReporter -->
<testsuite hostname="LP0096" name="pom.script.KSItemCountShort" tests="1" failures="0" timestamp="19 Sep 2017 08:42:26 GMT" time="3.836" errors="0">
  <testcase name="siteOpen" time="3.836" classname="pom.script.KSItemCountShort"/>
</testsuite> <!-- pom.script.KSItemCountShort -->
