<?xml version="1.0" encoding="UTF-8"?>
<!-- Generated by org.testng.reporters.JUnitReportReporter -->
<testsuite hostname="LP0096" name="pom.script.SPSiteFeatures$Test1" tests="1" failures="0" timestamp="3 Nov 2017 09:07:04 GMT" time="19.790" errors="0">
  <testcase name="invokeBrowser" time="19.790" classname="pom.script.SPSiteFeatures$Test1"/>
</testsuite> <!-- pom.script.SPSiteFeatures$Test1 -->
