<?xml version="1.0" encoding="UTF-8"?>
<!-- Generated by org.testng.reporters.JUnitReportReporter -->
<testsuite hostname="LP0096" name="samplejen.Jenkins_Test$Test1" tests="1" failures="0" timestamp="5 Mar 2018 10:23:36 GMT" time="33.090" errors="0">
  <testcase name="invokeBrowser" time="33.090" classname="samplejen.Jenkins_Test$Test1"/>
</testsuite> <!-- samplejen.Jenkins_Test$Test1 -->
