<?xml version="1.0" encoding="UTF-8"?>
<!-- Generated by org.testng.reporters.JUnitReportReporter -->
<testsuite hostname="LP0096" name="pom.objects.BrowserInvoke$Test1" tests="1" failures="0" timestamp="29 Aug 2017 12:55:28 GMT" time="21.000" errors="0">
  <testcase name="invokeBrowser" time="21.000" classname="pom.objects.BrowserInvoke$Test1"/>
</testsuite> <!-- pom.objects.BrowserInvoke$Test1 -->
